[INFO] [1782974625.573774311] [sim4_ROS2_delta]: ** Starting the model "sim4_ROS2_delta" **


**warning: the simulation will run with no stop time due to external mode infinite final simulation time.
CONNECT: entering XCP_CONNECTED status
* Resource:          5H
* Comm Mode Basic:   0H
* Max CTO size:      255
* Max DTO size:      65532
* Protocol Version:  1
* Transport Version: 1
GET DAQ PROCESSOR INFO
* DAQ Properties:    11H
* MAX_DAQ:           65535
* MAX_EVENT_CHANNEL: 128
* MIN_DAQ:           0
* Daq Key Byte:      0H
GET DAQ RESOLUTION INFO
* DAQ ODT Entry size granularity:   1
* Max DAQ ODT Entry size:           255
* STIM ODT Entry size granularity:  1
* Max STIM ODT Entry size:          255
* Timestamp Mode =                  34H
* Timestamp Ticks =                 1
SHORT_UPLOAD: reading at address 0x576b962a40bc
SHORT_DOWNLOAD: writing at address 0x576b962a3020
SHORT_DOWNLOAD: writing at address 0x576b962a4084
SHORT_UPLOAD: reading at address 0x576b962a4090
SHORT_UPLOAD: reading at address 0x576b962a40c0
SHORT_UPLOAD: reading at address 0x576b962a40c4
SHORT_UPLOAD: reading at address 0x576b962a40c8
SHORT_UPLOAD: reading at address 0x576b962a40cc
SHORT_UPLOAD: reading at address 0x576b962a40d0
SHORT_UPLOAD: reading at address 0x576b962a40e0
FREE_DAQ: clearing existing dynamic DAQ lists
ALLOC_DAQ: allocating 1 DAQ lists (32 B)
ALLOC_ODT: allocating 1 ODTs in DAQ list 0 (56 B)
ALLOC_ODT_ENTRY: allocating 12 ODT Entries in DAQ list 0 ODT 0 (96 B)
SET_DAQ_PTR: updating current ODT entry pointer to DAQ 0, ODT 0, Entry 0
XCP_WRITE_DAQ: writing DAQ 0 ODT 0 Entry 0: bitOffset = ffH size = 24 addressExtension = 0H address = 279508H
XCP_WRITE_DAQ: writing DAQ 0 ODT 0 Entry 1: bitOffset = ffH size = 24 addressExtension = 0H address = 2794d8H
XCP_WRITE_DAQ: writing DAQ 0 ODT 0 Entry 2: bitOffset = ffH size = 1 addressExtension = 0H address = 279598H
XCP_WRITE_DAQ: writing DAQ 0 ODT 0 Entry 3: bitOffset = ffH size = 8 addressExtension = 0H address = 279500H
XCP_WRITE_DAQ: writing DAQ 0 ODT 0 Entry 4: bitOffset = ffH size = 8 addressExtension = 0H address = 2794f8H
XCP_WRITE_DAQ: writing DAQ 0 ODT 0 Entry 5: bitOffset = ffH size = 8 addressExtension = 0H address = 2794f0H
XCP_WRITE_DAQ: writing DAQ 0 ODT 0 Entry 6: bitOffset = ffH size = 8 addressExtension = 0H address = 279520H
XCP_WRITE_DAQ: writing DAQ 0 ODT 0 Entry 7: bitOffset = ffH size = 8 addressExtension = 0H address = 279528H
XCP_WRITE_DAQ: writing DAQ 0 ODT 0 Entry 8: bitOffset = ffH size = 8 addressExtension = 0H address = 279530H
XCP_WRITE_DAQ: writing DAQ 0 ODT 0 Entry 9: bitOffset = ffH size = 8 addressExtension = 0H address = 2794d0H
XCP_WRITE_DAQ: writing DAQ 0 ODT 0 Entry 10: bitOffset = ffH size = 8 addressExtension = 0H address = 2794c8H
XCP_WRITE_DAQ: writing DAQ 0 ODT 0 Entry 11: bitOffset = ffH size = 8 addressExtension = 0H address = 2794c0H
SET_DAQ_LIST_MODE: setting DAQ list 0: mode = 10H, eventId = 0, prescaler = 0, priority = 0
START_STOP_DAQ_LIST: selected DAQ list 0
START_STOP_SYNCH: starting DAQ list 0
SHORT_DOWNLOAD: writing at address 0x576b962a4088
SHORT_DOWNLOAD: writing at address 0x576b962a408c
SHORT_DOWNLOAD: writing at address 0x576b962a301c
SHORT_UPLOAD: reading at address 0x576b962a40e0
SHORT_DOWNLOAD: writing at address 0x576b962a3020
SHORT_DOWNLOAD: writing at address 0x576b962a40b8
SHORT_UPLOAD: reading at address 0x576b962a40bc
SHORT_UPLOAD: reading at address 0x576b962a4090
SHORT_UPLOAD: reading at address 0x576b962a40e0
terminate called without an active exception
